<?xml version="1.0" encoding="UTF-8"?>
<!-- Generated by org.testng.reporters.JUnitReportReporter -->
<testsuite hostname="DESKTOP-R71D8IR" failures="0" tests="3" name="com.qa.opencart.tests.searchResultsPageTest" time="7.259" errors="0" timestamp="2025-05-07T16:12:46 EDT" skipped="0">
  <testcase classname="com.qa.opencart.tests.searchResultsPageTest" name="searchTest" time="3.581"/>
  <system-out/>
  <testcase classname="com.qa.opencart.tests.searchResultsPageTest" name="searchTest" time="1.759"/>
  <system-out/>
  <testcase classname="com.qa.opencart.tests.searchResultsPageTest" name="searchTest" time="1.919"/>
  <system-out/>
</testsuite> <!-- com.qa.opencart.tests.searchResultsPageTest -->
