<?xml version="1.0" encoding="UTF-8"?>
<!-- Generated by org.testng.reporters.JUnitReportReporter -->
<testsuite hostname="DESKTOP-R71D8IR" failures="0" tests="4" name="com.qa.opencart.tests.AccountsPageTest" time="0.194" errors="0" timestamp="2025-06-26T17:59:58 EDT" skipped="0">
  <testcase classname="com.qa.opencart.tests.AccountsPageTest" name="AccountsPageUrlTest" time="0.035"/>
  <system-out/>
  <testcase classname="com.qa.opencart.tests.AccountsPageTest" name="AccountsPageTitleTest" time="0.063"/>
  <system-out/>
  <testcase classname="com.qa.opencart.tests.AccountsPageTest" name="AccountsPageTitleTest" time="0.049"/>
  <system-out/>
  <testcase classname="com.qa.opencart.tests.AccountsPageTest" name="AccountsPageUrlTest" time="0.047"/>
  <system-out/>
</testsuite> <!-- com.qa.opencart.tests.AccountsPageTest -->
