<?xml version="1.0" encoding="UTF-8"?>
<!-- Generated by org.testng.reporters.JUnitReportReporter -->
<testsuite hostname="DESKTOP-R71D8IR" failures="0" tests="11" name="com.qa.opencart.tests.ProductInfoPageTest" time="42.325" errors="0" timestamp="2025-05-07T15:50:25 EDT" skipped="0">
  <testcase classname="com.qa.opencart.tests.ProductInfoPageTest" name="ProductImageCountTest" time="2.855"/>
  <system-out/>
  <testcase classname="com.qa.opencart.tests.ProductInfoPageTest" name="ProductImageCountTest" time="2.995"/>
  <system-out/>
  <testcase classname="com.qa.opencart.tests.ProductInfoPageTest" name="ProductImageCountTest" time="2.977"/>
  <system-out/>
  <testcase classname="com.qa.opencart.tests.ProductInfoPageTest" name="ProductHeaderTest" time="3.636"/>
  <system-out/>
  <testcase classname="com.qa.opencart.tests.ProductInfoPageTest" name="ProductHeaderTest" time="3.437"/>
  <system-out/>
  <testcase classname="com.qa.opencart.tests.ProductInfoPageTest" name="ProductImageCountTest" time="2.884"/>
  <system-out/>
  <testcase classname="com.qa.opencart.tests.ProductInfoPageTest" name="ProductHeaderTest" time="4.072"/>
  <system-out/>
  <testcase classname="com.qa.opencart.tests.ProductInfoPageTest" name="ProductHeaderTest" time="7.866"/>
  <system-out/>
  <testcase classname="com.qa.opencart.tests.ProductInfoPageTest" name="ProductHeaderTest" time="5.001"/>
  <system-out/>
  <testcase classname="com.qa.opencart.tests.ProductInfoPageTest" name="ProductInfoTest" time="3.625"/>
  <system-out/>
  <testcase classname="com.qa.opencart.tests.ProductInfoPageTest" name="ProductImageCountTest" time="2.977"/>
  <system-out/>
</testsuite> <!-- com.qa.opencart.tests.ProductInfoPageTest -->
