<?xml version="1.0" encoding="UTF-8"?>
<!-- Generated by org.testng.reporters.JUnitReportReporter -->
<testsuite hostname="DESKTOP-R71D8IR" failures="0" tests="3" name="com.qa.opencart.tests.RegisterPagetest" time="7.800" errors="0" timestamp="2025-05-01T15:48:07 EDT" skipped="0">
  <testcase classname="com.qa.opencart.tests.RegisterPagetest" name="Userregisterationtest" time="2.939"/>
  <system-out/>
  <testcase classname="com.qa.opencart.tests.RegisterPagetest" name="Userregisterationtest" time="2.446"/>
  <system-out/>
  <testcase classname="com.qa.opencart.tests.RegisterPagetest" name="Userregisterationtest" time="2.415"/>
  <system-out/>
</testsuite> <!-- com.qa.opencart.tests.RegisterPagetest -->
