<?xml version="1.0" encoding="UTF-8"?>
<!-- Generated by org.testng.reporters.JUnitReportReporter -->
<testsuite hostname="DESKTOP-R71D8IR" failures="0" tests="6" name="com.qa.opencart.tests.AccountsPageTest" time="0.269" errors="0" timestamp="2025-05-07T16:12:46 EDT" skipped="0">
  <testcase classname="com.qa.opencart.tests.AccountsPageTest" name="AccountsPageUrlTest" time="0.009"/>
  <system-out/>
  <testcase classname="com.qa.opencart.tests.AccountsPageTest" name="AccountsPageUrlTest" time="0.020"/>
  <system-out/>
  <testcase classname="com.qa.opencart.tests.AccountsPageTest" name="AccountsPageUrlTest" time="0.060"/>
  <system-out/>
  <testcase classname="com.qa.opencart.tests.AccountsPageTest" name="AccountsPageTitleTest" time="0.013"/>
  <system-out/>
  <testcase classname="com.qa.opencart.tests.AccountsPageTest" name="AccountsPageTitleTest" time="0.024"/>
  <system-out/>
  <testcase classname="com.qa.opencart.tests.AccountsPageTest" name="AccountsPageTitleTest" time="0.143"/>
  <system-out/>
</testsuite> <!-- com.qa.opencart.tests.AccountsPageTest -->
