<?xml version="1.0" encoding="UTF-8"?>
<!-- Generated by org.testng.reporters.JUnitReportReporter -->
<testsuite hostname="DESKTOP-R71D8IR" failures="0" tests="4" name="com.qa.opencart.tests.AccountsPageTest" time="0.115" errors="0" timestamp="2025-06-06T12:02:57 EDT" skipped="0">
  <testcase classname="com.qa.opencart.tests.AccountsPageTest" name="AccountsPageUrlTest" time="0.025"/>
  <system-out/>
  <testcase classname="com.qa.opencart.tests.AccountsPageTest" name="AccountsPageUrlTest" time="0.018"/>
  <system-out/>
  <testcase classname="com.qa.opencart.tests.AccountsPageTest" name="AccountsPageTitleTest" time="0.044"/>
  <system-out/>
  <testcase classname="com.qa.opencart.tests.AccountsPageTest" name="AccountsPageTitleTest" time="0.028"/>
  <system-out/>
</testsuite> <!-- com.qa.opencart.tests.AccountsPageTest -->
