<?xml version="1.0" encoding="UTF-8"?>
<!-- Generated by org.testng.reporters.JUnitReportReporter -->
<testsuite hostname="DESKTOP-R71D8IR" failures="0" tests="8" name="com.qa.opencart.tests.LoginPageTest" time="8.651" errors="0" timestamp="2025-06-26T18:33:46 EDT" skipped="0">
  <testcase classname="com.qa.opencart.tests.LoginPageTest" name="loginPageTitleTest" time="0.062"/>
  <system-out/>
  <testcase classname="com.qa.opencart.tests.LoginPageTest" name="loginPageURLTest" time="0.033"/>
  <system-out/>
  <testcase classname="com.qa.opencart.tests.LoginPageTest" name="forgotPasswordLinkExistTest" time="0.717"/>
  <system-out/>
  <testcase classname="com.qa.opencart.tests.LoginPageTest" name="loginPageTitleTest" time="0.033"/>
  <system-out/>
  <testcase classname="com.qa.opencart.tests.LoginPageTest" name="forgotPasswordLinkExistTest" time="1.007"/>
  <system-out/>
  <testcase classname="com.qa.opencart.tests.LoginPageTest" name="loginPageURLTest" time="0.048"/>
  <system-out/>
  <testcase classname="com.qa.opencart.tests.LoginPageTest" name="doLoginTest" time="3.145"/>
  <system-out/>
  <testcase classname="com.qa.opencart.tests.LoginPageTest" name="doLoginTest" time="3.606"/>
  <system-out/>
</testsuite> <!-- com.qa.opencart.tests.LoginPageTest -->
